
> sallamaty-system@1.0.0 dev
> vite


  VITE v5.4.8  ready in 314 ms

  ➜  Local:   http://localhost:5174/
  ➜  Network: use --host to expose
Browserslist: caniuse-lite is outdated. Please run:
  npx update-browserslist-db@latest
  Why you should do it regularly: https://github.com/browserslist/update-db#readme
5:26:24 PM [vite] hmr update /src/components/pages/RoundsListView.tsx, /src/index.css
5:28:53 PM [vite] hmr update /src/components/pages/RoundsListView.tsx, /src/index.css
7:59:00 PM [vite] page reload test_delete_direct.html
7:59:20 PM [vite] page reload test_delete_direct.html
8:02:03 PM [vite] page reload test_delete_direct.html
9:37:57 PM [vite] hmr update /src/components/forms/CompleteRoundForm.tsx, /src/index.css
9:39:04 PM [vite] hmr update /src/components/forms/CompleteRoundForm.tsx, /src/index.css
9:55:51 PM [vite] hmr update /src/components/forms/CompleteRoundForm.tsx, /src/index.css
9:57:51 PM [vite] hmr update /src/components/forms/CompleteRoundForm.tsx, /src/index.css
8:34:03 AM [vite] hmr update /src/components/forms/CompleteRoundForm.tsx, /src/index.css
9:54:01 AM [vite] hmr update /src/components/TestApi.tsx, /src/index.css
9:54:19 AM [vite] hmr update /src/components/TestApi.tsx, /src/index.css
9:54:19 AM [vite] hmr update /src/components/TestApi.tsx, /src/index.css
9:54:45 AM [vite] hmr update /src/components/TestApi.tsx, /src/index.css
10:03:55 AM [vite] hmr update /src/components/pages/RoundsListView.tsx, /src/index.css
10:04:17 AM [vite] hmr update /src/components/pages/RoundsListView.tsx, /src/index.css
10:05:20 AM [vite] hmr update /src/components/pages/RoundsListView.tsx, /src/index.css
10:05:30 AM [vite] hmr update /src/components/pages/RoundsListView.tsx, /src/index.css
10:05:36 AM [vite] hmr update /src/components/pages/RoundsListView.tsx, /src/index.css
10:05:43 AM [vite] hmr update /src/components/pages/RoundsListView.tsx, /src/index.css
10:06:08 AM [vite] hmr update /src/components/pages/RoundsListView.tsx, /src/index.css
10:06:14 AM [vite] hmr update /src/components/pages/RoundsListView.tsx, /src/index.css
10:07:57 AM [vite] hmr update /src/components/pages/RoundsListView.tsx, /src/index.css
10:08:14 AM [vite] hmr update /src/components/pages/RoundsListView.tsx, /src/index.css
10:08:20 AM [vite] hmr update /src/components/pages/RoundsListView.tsx, /src/index.css
10:10:43 AM [vite] hmr update /src/components/pages/RoundsListView.tsx, /src/index.css
10:10:56 AM [vite] hmr update /src/components/pages/RoundsListView.tsx, /src/index.css
10:12:07 AM [vite] hmr update /src/components/pages/RoundsListView.tsx, /src/index.css
10:12:20 AM [vite] hmr update /src/components/pages/RoundsListView.tsx, /src/index.css
10:16:39 AM [vite] hmr update /src/components/pages/RoundsListView.tsx, /src/index.css
10:18:14 AM [vite] hmr update /src/index.css
10:18:21 AM [vite] hmr update /src/index.css
10:19:05 AM [vite] hmr update /src/index.css
10:19:57 AM [vite] hmr update /src/components/TestApi.tsx, /src/index.css
10:20:35 AM [vite] hmr update /src/components/TestApi.tsx, /src/index.css
10:20:35 AM [vite] hmr update /src/index.css
10:21:06 AM [vite] hmr update /src/index.css
10:21:06 AM [vite] hmr update /src/components/TestApi.tsx, /src/index.css
10:33:09 AM [vite] hmr update /src/App.tsx, /src/index.css
10:33:39 AM [vite] hmr update /src/components/SimpleDashboard.tsx, /src/index.css
10:33:50 AM [vite] hmr update /src/components/SimpleDashboard.tsx, /src/index.css
10:33:50 AM [vite] hmr update /src/App.tsx, /src/index.css
10:34:44 AM [vite] hmr update /src/App.tsx, /src/index.css
10:41:49 AM [vite] hmr update /src/components/AnimatedSidebar.tsx, /src/index.css
10:42:00 AM [vite] hmr update /src/components/AnimatedSidebar.tsx, /src/index.css
10:42:00 AM [vite] hmr update /src/components/AnimatedSidebar.tsx, /src/index.css
10:42:03 AM [vite] hmr update /src/components/AnimatedSidebar.tsx, /src/index.css
10:45:46 AM [vite] hmr update /src/components/pages/RoundsListView.tsx, /src/index.css
10:45:58 AM [vite] hmr update /src/components/pages/RoundsListView.tsx, /src/index.css
10:46:14 AM [vite] hmr update /src/components/pages/RoundsListView.tsx, /src/index.css
10:50:22 AM [vite] hmr update /src/components/pages/RoundsListView.tsx, /src/index.css
10:50:22 AM [vite] Internal server error: /Users/salehalzaid/Documents/massdeigners/salamah_rounds/src/components/pages/RoundsListView.tsx: Expecting Unicode escape sequence \uXXXX. (282:30)

  280 |                   aria-current={isActivePath('/rounds/list')}
  281 |                   onClick={() => navigate('/rounds/list')}
> 282 |                   className={\`px-3 py-2 text-sm rounded-md border focus:outline-none focus:ring-2 focus:ring-offset-1 focus:ring-blue-500 transition \' + (isActivePath('/rounds/list') ? 'bg-blue-600 text-white border-transparent' : 'bg-white text-gray-700 border-gray-200 hover:bg-gray-50')\`}
      |                               ^
  283 |                 >
  284 |                   عرض الجولات
  285 |                 </Button>
  Plugin: vite:react-babel
  File: /Users/salehalzaid/Documents/massdeigners/salamah_rounds/src/components/pages/RoundsListView.tsx:282:30
  280|                    aria-current={isActivePath('/rounds/list')}
  281|                    onClick={() => navigate('/rounds/list')}
  282|                    className={\`px-3 py-2 text-sm rounded-md border focus:outline-none focus:ring-2 focus:ring-offset-1 focus:ring-blue-500 transition \' + (isActivePath('/rounds/list') ? 'bg-blue-600 text-white border-transparent' : 'bg-white text-gray-700 border-gray-200 hover:bg-gray-50')\`}
     |                                ^
  283|                  >
  284|                    عرض الجولات
      at constructor (/Users/salehalzaid/Documents/massdeigners/salamah_rounds/node_modules/@babel/parser/lib/index.js:362:19)
      at TypeScriptParserMixin.raise (/Users/salehalzaid/Documents/massdeigners/salamah_rounds/node_modules/@babel/parser/lib/index.js:3259:19)
      at TypeScriptParserMixin.readWord1 (/Users/salehalzaid/Documents/massdeigners/salamah_rounds/node_modules/@babel/parser/lib/index.js:3219:16)
      at TypeScriptParserMixin.readWord (/Users/salehalzaid/Documents/massdeigners/salamah_rounds/node_modules/@babel/parser/lib/index.js:3239:23)
      at TypeScriptParserMixin.getTokenFromCode (/Users/salehalzaid/Documents/massdeigners/salamah_rounds/node_modules/@babel/parser/lib/index.js:2959:14)
      at TypeScriptParserMixin.getTokenFromCode (/Users/salehalzaid/Documents/massdeigners/salamah_rounds/node_modules/@babel/parser/lib/index.js:6844:11)
      at TypeScriptParserMixin.getTokenFromCode (/Users/salehalzaid/Documents/massdeigners/salamah_rounds/node_modules/@babel/parser/lib/index.js:9634:11)
      at TypeScriptParserMixin.nextToken (/Users/salehalzaid/Documents/massdeigners/salamah_rounds/node_modules/@babel/parser/lib/index.js:2443:10)
      at TypeScriptParserMixin.next (/Users/salehalzaid/Documents/massdeigners/salamah_rounds/node_modules/@babel/parser/lib/index.js:2356:10)
      at TypeScriptParserMixin.jsxParseAttributeValue (/Users/salehalzaid/Documents/massdeigners/salamah_rounds/node_modules/@babel/parser/lib/index.js:6650:14)
      at TypeScriptParserMixin.jsxParseAttribute (/Users/salehalzaid/Documents/massdeigners/salamah_rounds/node_modules/@babel/parser/lib/index.js:6700:38)
      at TypeScriptParserMixin.jsxParseOpeningElementAfterName (/Users/salehalzaid/Documents/massdeigners/salamah_rounds/node_modules/@babel/parser/lib/index.js:6714:28)
      at TypeScriptParserMixin.jsxParseOpeningElementAfterName (/Users/salehalzaid/Documents/massdeigners/salamah_rounds/node_modules/@babel/parser/lib/index.js:9690:18)
      at TypeScriptParserMixin.jsxParseOpeningElementAt (/Users/salehalzaid/Documents/massdeigners/salamah_rounds/node_modules/@babel/parser/lib/index.js:6709:17)
      at TypeScriptParserMixin.jsxParseElementAt (/Users/salehalzaid/Documents/massdeigners/salamah_rounds/node_modules/@babel/parser/lib/index.js:6733:33)
      at TypeScriptParserMixin.jsxParseElementAt (/Users/salehalzaid/Documents/massdeigners/salamah_rounds/node_modules/@babel/parser/lib/index.js:6745:32)
      at TypeScriptParserMixin.jsxParseElementAt (/Users/salehalzaid/Documents/massdeigners/salamah_rounds/node_modules/@babel/parser/lib/index.js:6745:32)
      at TypeScriptParserMixin.jsxParseElementAt (/Users/salehalzaid/Documents/massdeigners/salamah_rounds/node_modules/@babel/parser/lib/index.js:6745:32)
      at TypeScriptParserMixin.jsxParseElementAt (/Users/salehalzaid/Documents/massdeigners/salamah_rounds/node_modules/@babel/parser/lib/index.js:6745:32)
      at TypeScriptParserMixin.jsxParseElementAt (/Users/salehalzaid/Documents/massdeigners/salamah_rounds/node_modules/@babel/parser/lib/index.js:6745:32)
      at TypeScriptParserMixin.jsxParseElementAt (/Users/salehalzaid/Documents/massdeigners/salamah_rounds/node_modules/@babel/parser/lib/index.js:6745:32)
      at TypeScriptParserMixin.jsxParseElement (/Users/salehalzaid/Documents/massdeigners/salamah_rounds/node_modules/@babel/parser/lib/index.js:6796:17)
      at TypeScriptParserMixin.parseExprAtom (/Users/salehalzaid/Documents/massdeigners/salamah_rounds/node_modules/@babel/parser/lib/index.js:6806:19)
      at TypeScriptParserMixin.parseExprSubscripts (/Users/salehalzaid/Documents/massdeigners/salamah_rounds/node_modules/@babel/parser/lib/index.js:10591:23)
      at TypeScriptParserMixin.parseUpdate (/Users/salehalzaid/Documents/massdeigners/salamah_rounds/node_modules/@babel/parser/lib/index.js:10576:21)
      at TypeScriptParserMixin.parseMaybeUnary (/Users/salehalzaid/Documents/massdeigners/salamah_rounds/node_modules/@babel/parser/lib/index.js:10556:23)
      at TypeScriptParserMixin.parseMaybeUnary (/Users/salehalzaid/Documents/massdeigners/salamah_rounds/node_modules/@babel/parser/lib/index.js:9483:18)
      at TypeScriptParserMixin.parseMaybeUnaryOrPrivate (/Users/salehalzaid/Documents/massdeigners/salamah_rounds/node_modules/@babel/parser/lib/index.js:10410:61)
      at TypeScriptParserMixin.parseExprOps (/Users/salehalzaid/Documents/massdeigners/salamah_rounds/node_modules/@babel/parser/lib/index.js:10415:23)
      at TypeScriptParserMixin.parseMaybeConditional (/Users/salehalzaid/Documents/massdeigners/salamah_rounds/node_modules/@babel/parser/lib/index.js:10392:23)
      at TypeScriptParserMixin.parseMaybeAssign (/Users/salehalzaid/Documents/massdeigners/salamah_rounds/node_modules/@babel/parser/lib/index.js:10355:21)
      at /Users/salehalzaid/Documents/massdeigners/salamah_rounds/node_modules/@babel/parser/lib/index.js:9421:39
      at TypeScriptParserMixin.tryParse (/Users/salehalzaid/Documents/massdeigners/salamah_rounds/node_modules/@babel/parser/lib/index.js:3597:20)
      at TypeScriptParserMixin.parseMaybeAssign (/Users/salehalzaid/Documents/massdeigners/salamah_rounds/node_modules/@babel/parser/lib/index.js:9421:18)
      at /Users/salehalzaid/Documents/massdeigners/salamah_rounds/node_modules/@babel/parser/lib/index.js:10325:39
      at TypeScriptParserMixin.allowInAnd (/Users/salehalzaid/Documents/massdeigners/salamah_rounds/node_modules/@babel/parser/lib/index.js:11937:12)
      at TypeScriptParserMixin.parseMaybeAssignAllowIn (/Users/salehalzaid/Documents/massdeigners/salamah_rounds/node_modules/@babel/parser/lib/index.js:10325:17)
      at TypeScriptParserMixin.parseParenAndDistinguishExpression (/Users/salehalzaid/Documents/massdeigners/salamah_rounds/node_modules/@babel/parser/lib/index.js:11196:28)
      at TypeScriptParserMixin.parseExprAtom (/Users/salehalzaid/Documents/massdeigners/salamah_rounds/node_modules/@babel/parser/lib/index.js:10849:23)
      at TypeScriptParserMixin.parseExprAtom (/Users/salehalzaid/Documents/massdeigners/salamah_rounds/node_modules/@babel/parser/lib/index.js:6811:20)
      at TypeScriptParserMixin.parseExprSubscripts (/Users/salehalzaid/Documents/massdeigners/salamah_rounds/node_modules/@babel/parser/lib/index.js:10591:23)
      at TypeScriptParserMixin.parseUpdate (/Users/salehalzaid/Documents/massdeigners/salamah_rounds/node_modules/@babel/parser/lib/index.js:10576:21)
      at TypeScriptParserMixin.parseMaybeUnary (/Users/salehalzaid/Documents/massdeigners/salamah_rounds/node_modules/@babel/parser/lib/index.js:10556:23)
      at TypeScriptParserMixin.parseMaybeUnary (/Users/salehalzaid/Documents/massdeigners/salamah_rounds/node_modules/@babel/parser/lib/index.js:9483:18)
      at TypeScriptParserMixin.parseMaybeUnaryOrPrivate (/Users/salehalzaid/Documents/massdeigners/salamah_rounds/node_modules/@babel/parser/lib/index.js:10410:61)
      at TypeScriptParserMixin.parseExprOps (/Users/salehalzaid/Documents/massdeigners/salamah_rounds/node_modules/@babel/parser/lib/index.js:10415:23)
      at TypeScriptParserMixin.parseMaybeConditional (/Users/salehalzaid/Documents/massdeigners/salamah_rounds/node_modules/@babel/parser/lib/index.js:10392:23)
      at TypeScriptParserMixin.parseMaybeAssign (/Users/salehalzaid/Documents/massdeigners/salamah_rounds/node_modules/@babel/parser/lib/index.js:10355:21)
      at TypeScriptParserMixin.parseMaybeAssign (/Users/salehalzaid/Documents/massdeigners/salamah_rounds/node_modules/@babel/parser/lib/index.js:9432:20)
      at TypeScriptParserMixin.parseExpressionBase (/Users/salehalzaid/Documents/massdeigners/salamah_rounds/node_modules/@babel/parser/lib/index.js:10309:23)
10:51:00 AM [vite] hmr update /src/components/pages/RoundsListView.tsx, /src/index.css
10:51:19 AM [vite] hmr update /src/components/pages/RoundsListView.tsx, /src/index.css
10:51:44 AM [vite] hmr update /src/components/pages/RoundsListView.tsx, /src/index.css
11:31:06 AM [vite] hmr update /src/components/pages/ReportsPage.tsx, /src/index.css
11:32:05 AM [vite] hmr update /src/components/pages/ReportsPage.tsx, /src/index.css
11:37:40 AM [vite] hmr update /src/components/pages/ReportsPage.tsx, /src/index.css
2:09:04 PM [vite] hmr update /src/components/forms/CompleteRoundForm.tsx, /src/index.css
2:09:18 PM [vite] hmr update /src/components/forms/CompleteRoundForm.tsx, /src/index.css
2:11:00 PM [vite] hmr update /src/components/forms/CompleteRoundForm.tsx, /src/index.css
2:46:45 PM [vite] hmr update /src/components/forms/CompleteRoundForm.tsx, /src/index.css
2:48:15 PM [vite] hmr update /src/components/pages/EvaluateRoundPage.tsx, /src/index.css
2:48:21 PM [vite] hmr update /src/components/pages/EvaluateRoundPage.tsx, /src/index.css
2:48:27 PM [vite] hmr update /src/components/pages/EvaluateRoundPage.tsx, /src/index.css
2:48:34 PM [vite] hmr update /src/components/pages/EvaluateRoundPage.tsx, /src/index.css
2:48:50 PM [vite] hmr update /src/components/pages/RoundsListView.tsx, /src/index.css
2:50:18 PM [vite] hmr update /src/components/pages/EvaluateRoundPage.tsx, /src/index.css
2:50:18 PM [vite] hmr update /src/components/pages/RoundsListView.tsx, /src/index.css
2:50:29 PM [vite] hmr update /src/components/pages/RoundsListView.tsx, /src/index.css
2:52:12 PM [vite] hmr update /src/components/pages/RoundsListView.tsx, /src/index.css
2:55:07 PM [vite] hmr update /src/components/pages/RoundsListView.tsx, /src/index.css
2:56:37 PM [vite] hmr update /src/components/pages/RoundsListView.tsx, /src/index.css
3:07:00 PM [vite] hmr update /src/context/AuthContext.tsx, /src/index.css, /src/context/NotificationsContext.tsx, /src/components/SimpleDashboard.tsx, /src/components/RegisterPage.tsx, /src/components/TestRoundCreation.tsx, /src/components/TestMyRounds.tsx, /src/components/TestCreateRound.tsx, /src/components/pages/DepartmentFormPage.tsx, /src/components/pages/DepartmentsManagement.tsx, /src/components/pages/MyRoundsPage.tsx, /src/components/pages/ReportsPage.tsx, /src/components/pages/EnhancedCapaManagement.tsx, /src/components/pages/EvaluateRoundPage.tsx, /src/components/pages/RoundsCalendarView.tsx, /src/components/pages/RoundsListView.tsx, /src/components/TestApi.tsx, /src/components/TestDepartments.tsx, /src/components/forms/CompleteRoundForm.tsx, /src/components/TestRoundsData.tsx, /src/components/TestDataDisplay.tsx, /src/components/pages/RoundsManagement.tsx, /src/components/pages/CapaIntegrationRoundSelector.tsx, /src/components/pages/EvaluationCategoriesPage.tsx, /src/components/pages/EvaluationItemsPage.tsx, /src/components/pages/UsersManagement.tsx, /src/components/pages/SettingsPage.tsx, /src/components/forms/EvaluateRoundForm.tsx, /src/components/dashboard/ActionProgressTracker.tsx, /src/components/dashboard/CapaTimelineView.tsx, /src/components/dashboard/EnhancedCapaDashboard.tsx, /src/components/dashboard/AlertSystem.tsx, /src/components/dashboard/BasicReports.tsx, /src/components/pages/RoundTypesSettingsPage.tsx, /src/components/forms/EvaluationWizard.tsx
3:07:01 PM [vite] hmr invalidate /src/context/AuthContext.tsx Could not Fast Refresh ("useAuth" export is incompatible). Learn more at https://github.com/vitejs/vite-plugin-react/tree/main/packages/plugin-react#consistent-components-exports
3:07:01 PM [vite] hmr update /src/App.tsx, /src/index.css, /src/components/LoginPage.tsx, /src/components/RegisterPage.tsx, /src/components/TestRoundCreation.tsx, /src/components/TestMyRounds.tsx, /src/components/TestCreateRound.tsx, /src/components/pages/MyRoundsPage.tsx, /src/components/pages/SettingsPage.tsx, /src/components/pages/UsersManagement.tsx, /src/components/pages/EvaluateRoundPage.tsx, /src/components/pages/RoundsManagement.tsx, /src/components/pages/RoundsListView.tsx, /src/components/UserDropdown.tsx
3:07:01 PM [vite] hmr invalidate /src/context/NotificationsContext.tsx Could not Fast Refresh ("useNotifications" export is incompatible). Learn more at https://github.com/vitejs/vite-plugin-react/tree/main/packages/plugin-react#consistent-components-exports
3:07:01 PM [vite] hmr update /src/App.tsx, /src/index.css, /src/components/UserDropdown.tsx, /src/components/NotificationDropdown.tsx
3:07:17 PM [vite] hmr update /src/components/pages/MyRoundsPage.tsx, /src/index.css
3:07:27 PM [vite] hmr update /src/components/pages/MyRoundsPage.tsx, /src/index.css
3:07:54 PM [vite] hmr update /src/components/pages/MyRoundsPage.tsx, /src/index.css
3:08:03 PM [vite] hmr update /src/components/pages/MyRoundsPage.tsx, /src/index.css
3:08:13 PM [vite] hmr update /src/components/pages/MyRoundsPage.tsx, /src/index.css
3:08:26 PM [vite] hmr update /src/components/pages/MyRoundsPage.tsx, /src/index.css
3:08:40 PM [vite] hmr update /src/components/pages/MyRoundsPage.tsx, /src/index.css
3:08:48 PM [vite] hmr update /src/components/pages/MyRoundsPage.tsx, /src/index.css
3:08:54 PM [vite] hmr update /src/components/pages/MyRoundsPage.tsx, /src/index.css
3:09:02 PM [vite] hmr update /src/components/pages/MyRoundsPage.tsx, /src/index.css
3:09:13 PM [vite] hmr update /src/components/pages/MyRoundsPage.tsx, /src/index.css
3:09:20 PM [vite] hmr update /src/components/pages/MyRoundsPage.tsx, /src/index.css
4:45:38 PM [vite] page reload src/lib/api.ts
4:45:38 PM [vite] page reload src/lib/api.ts
4:45:38 PM [vite] warning: Duplicate member "createCapa" in class body
400|    }
401|  
402|    async createCapa(payload: any) {
   |          ^
403|      return this.request('/api/capas', {
404|        method: 'POST',

  Plugin: vite:esbuild
  File: /Users/salehalzaid/Documents/massdeigners/salamah_rounds/src/lib/api.ts
4:45:39 PM [vite] warning: Duplicate member "createCapa" in class body
400|    }
401|  
402|    async createCapa(payload: any) {
   |          ^
403|      return this.request('/api/capas', {
404|        method: 'POST',

  Plugin: vite:esbuild
  File: /Users/salehalzaid/Documents/massdeigners/salamah_rounds/src/lib/api.ts
4:45:46 PM [vite] hmr update /src/components/forms/EvaluateRoundForm.tsx, /src/index.css
4:48:21 PM [vite] page reload src/lib/api.ts
4:48:22 PM [vite] warning: Duplicate member "createCapa" in class body
400|    }
401|  
402|    async createCapa(payload: any) {
   |          ^
403|      return this.request('/api/capas', {
404|        method: 'POST',

  Plugin: vite:esbuild
  File: /Users/salehalzaid/Documents/massdeigners/salamah_rounds/src/lib/api.ts
4:48:58 PM [vite] page reload src/lib/api.ts
4:49:23 PM [vite] page reload src/lib/api.ts
4:49:39 PM [vite] page reload src/lib/api.ts
4:49:39 PM [vite] hmr update /src/components/forms/EvaluateRoundForm.tsx, /src/index.css
4:54:09 PM [vite] hmr update /src/components/pages/MyRoundsPage.tsx, /src/index.css
5:12:30 PM [vite] hmr update /src/components/forms/EvaluateRoundForm.tsx, /src/index.css
5:13:04 PM [vite] hmr update /src/components/forms/EvaluateRoundForm.tsx, /src/index.css
6:18:17 PM [vite] hmr update /src/App.tsx, /src/index.css
6:18:28 PM [vite] hmr update /src/components/AnimatedSidebar.tsx, /src/index.css
6:18:43 PM [vite] page reload src/components/Dashboard.tsx
6:19:03 PM [vite] hmr update /src/components/pages/EvaluateRoundPage.tsx, /src/index.css
6:19:41 PM [vite] hmr update /src/App.tsx, /src/index.css
6:19:47 PM [vite] hmr update /src/components/pages/EvaluateRoundPage.tsx, /src/index.css
6:20:59 PM [vite] hmr update /src/components/dashboard/EnhancedCapaDashboardMain.tsx, /src/index.css
6:21:04 PM [vite] hmr update /src/components/dashboard/EnhancedCapaDashboardMain.tsx, /src/index.css
6:21:30 PM [vite] hmr update /src/App.tsx, /src/index.css
6:22:10 PM [vite] hmr update /src/App.tsx, /src/index.css
6:22:10 PM [vite] hmr update /src/components/AnimatedSidebar.tsx, /src/index.css
6:22:25 PM [vite] hmr update /src/App.tsx, /src/index.css
6:22:25 PM [vite] hmr update /src/components/AnimatedSidebar.tsx, /src/index.css
6:40:19 PM [vite] hmr update /src/components/pages/EnhancedCapaManagement.tsx, /src/index.css
6:40:53 PM [vite] hmr update /src/components/pages/EnhancedCapaManagement.tsx, /src/index.css
6:41:12 PM [vite] hmr update /src/components/pages/EnhancedCapaManagement.tsx, /src/index.css
6:42:10 PM [vite] hmr update /src/components/pages/EnhancedCapaManagement.tsx, /src/index.css
