Starting Salamaty Backend Server...
INFO:     Will watch for changes in these directories: ['/Users/salehalzaid/Documents/massdeigners/salamah_rounds/backend']
INFO:     Uvicorn running on http://0.0.0.0:8000 (Press CTRL+C to quit)
INFO:     Started reloader process [98414] using StatReload
INFO:     Started server process [98416]
INFO:     Waiting for application startup.
INFO:     Application startup complete.
[DB] Using database: salamaty_db
INFO:     127.0.0.1:64712 - "GET /health HTTP/1.1" 200 OK
(trapped) error reading bcrypt version
Traceback (most recent call last):
  File "/Users/salehalzaid/Documents/massdeigners/salamah_rounds/backend/venv/lib/python3.13/site-packages/passlib/handlers/bcrypt.py", line 620, in _load_backend_mixin
    version = _bcrypt.__about__.__version__
              ^^^^^^^^^^^^^^^^^
AttributeError: module 'bcrypt' has no attribute '__about__'
INFO:     127.0.0.1:64716 - "POST /auth/signin HTTP/1.1" 200 OK
INFO:     127.0.0.1:64718 - "GET /rounds/8 HTTP/1.1" 500 Internal Server Error
ERROR:    Exception in ASGI application
Traceback (most recent call last):
  File "/Users/salehalzaid/Documents/massdeigners/salamah_rounds/backend/venv/lib/python3.13/site-packages/uvicorn/protocols/http/h11_impl.py", line 403, in run_asgi
    result = await app(  # type: ignore[func-returns-value]
             ^^^^^^^^^^^^^^^^^^^^^^^^^^^^^^^^^^^^^^^^^^^^^^
        self.scope, self.receive, self.send
        ^^^^^^^^^^^^^^^^^^^^^^^^^^^^^^^^^^^
    )
    ^
  File "/Users/salehalzaid/Documents/massdeigners/salamah_rounds/backend/venv/lib/python3.13/site-packages/uvicorn/middleware/proxy_headers.py", line 60, in __call__
    return await self.app(scope, receive, send)
           ^^^^^^^^^^^^^^^^^^^^^^^^^^^^^^^^^^^^
  File "/Users/salehalzaid/Documents/massdeigners/salamah_rounds/backend/venv/lib/python3.13/site-packages/fastapi/applications.py", line 1054, in __call__
    await super().__call__(scope, receive, send)
  File "/Users/salehalzaid/Documents/massdeigners/salamah_rounds/backend/venv/lib/python3.13/site-packages/starlette/applications.py", line 113, in __call__
    await self.middleware_stack(scope, receive, send)
  File "/Users/salehalzaid/Documents/massdeigners/salamah_rounds/backend/venv/lib/python3.13/site-packages/starlette/middleware/errors.py", line 186, in __call__
    raise exc
  File "/Users/salehalzaid/Documents/massdeigners/salamah_rounds/backend/venv/lib/python3.13/site-packages/starlette/middleware/errors.py", line 164, in __call__
    await self.app(scope, receive, _send)
  File "/Users/salehalzaid/Documents/massdeigners/salamah_rounds/backend/venv/lib/python3.13/site-packages/starlette/middleware/cors.py", line 85, in __call__
    await self.app(scope, receive, send)
  File "/Users/salehalzaid/Documents/massdeigners/salamah_rounds/backend/venv/lib/python3.13/site-packages/starlette/middleware/exceptions.py", line 63, in __call__
    await wrap_app_handling_exceptions(self.app, conn)(scope, receive, send)
  File "/Users/salehalzaid/Documents/massdeigners/salamah_rounds/backend/venv/lib/python3.13/site-packages/starlette/_exception_handler.py", line 53, in wrapped_app
    raise exc
  File "/Users/salehalzaid/Documents/massdeigners/salamah_rounds/backend/venv/lib/python3.13/site-packages/starlette/_exception_handler.py", line 42, in wrapped_app
    await app(scope, receive, sender)
  File "/Users/salehalzaid/Documents/massdeigners/salamah_rounds/backend/venv/lib/python3.13/site-packages/starlette/routing.py", line 716, in __call__
    await self.middleware_stack(scope, receive, send)
  File "/Users/salehalzaid/Documents/massdeigners/salamah_rounds/backend/venv/lib/python3.13/site-packages/starlette/routing.py", line 736, in app
    await route.handle(scope, receive, send)
  File "/Users/salehalzaid/Documents/massdeigners/salamah_rounds/backend/venv/lib/python3.13/site-packages/starlette/routing.py", line 290, in handle
    await self.app(scope, receive, send)
  File "/Users/salehalzaid/Documents/massdeigners/salamah_rounds/backend/venv/lib/python3.13/site-packages/starlette/routing.py", line 78, in app
    await wrap_app_handling_exceptions(app, request)(scope, receive, send)
  File "/Users/salehalzaid/Documents/massdeigners/salamah_rounds/backend/venv/lib/python3.13/site-packages/starlette/_exception_handler.py", line 53, in wrapped_app
    raise exc
  File "/Users/salehalzaid/Documents/massdeigners/salamah_rounds/backend/venv/lib/python3.13/site-packages/starlette/_exception_handler.py", line 42, in wrapped_app
    await app(scope, receive, sender)
  File "/Users/salehalzaid/Documents/massdeigners/salamah_rounds/backend/venv/lib/python3.13/site-packages/starlette/routing.py", line 75, in app
    response = await f(request)
               ^^^^^^^^^^^^^^^^
  File "/Users/salehalzaid/Documents/massdeigners/salamah_rounds/backend/venv/lib/python3.13/site-packages/fastapi/routing.py", line 328, in app
    content = await serialize_response(
              ^^^^^^^^^^^^^^^^^^^^^^^^^
    ...<9 lines>...
    )
    ^
  File "/Users/salehalzaid/Documents/massdeigners/salamah_rounds/backend/venv/lib/python3.13/site-packages/fastapi/routing.py", line 177, in serialize_response
    raise ResponseValidationError(
        errors=_normalize_errors(errors), body=response_content
    )
fastapi.exceptions.ResponseValidationError: 1 validation errors:
  {'type': 'model_attributes_type', 'loc': ('response',), 'msg': 'Input should be a valid dictionary or object to extract fields from', 'input': <coroutine object get_round_by_id at 0x106ca9990>}

/Users/salehalzaid/Documents/massdeigners/salamah_rounds/backend/venv/lib/python3.13/site-packages/uvicorn/protocols/http/h11_impl.py:412: RuntimeWarning: coroutine 'get_round_by_id' was never awaited
  self.transport.close()
RuntimeWarning: Enable tracemalloc to get the object allocation traceback
INFO:     127.0.0.1:64721 - "GET /rounds/8 HTTP/1.1" 500 Internal Server Error
ERROR:    Exception in ASGI application
Traceback (most recent call last):
  File "/Users/salehalzaid/Documents/massdeigners/salamah_rounds/backend/venv/lib/python3.13/site-packages/uvicorn/protocols/http/h11_impl.py", line 403, in run_asgi
    result = await app(  # type: ignore[func-returns-value]
             ^^^^^^^^^^^^^^^^^^^^^^^^^^^^^^^^^^^^^^^^^^^^^^
        self.scope, self.receive, self.send
        ^^^^^^^^^^^^^^^^^^^^^^^^^^^^^^^^^^^
    )
    ^
  File "/Users/salehalzaid/Documents/massdeigners/salamah_rounds/backend/venv/lib/python3.13/site-packages/uvicorn/middleware/proxy_headers.py", line 60, in __call__
    return await self.app(scope, receive, send)
           ^^^^^^^^^^^^^^^^^^^^^^^^^^^^^^^^^^^^
  File "/Users/salehalzaid/Documents/massdeigners/salamah_rounds/backend/venv/lib/python3.13/site-packages/fastapi/applications.py", line 1054, in __call__
    await super().__call__(scope, receive, send)
  File "/Users/salehalzaid/Documents/massdeigners/salamah_rounds/backend/venv/lib/python3.13/site-packages/starlette/applications.py", line 113, in __call__
    await self.middleware_stack(scope, receive, send)
  File "/Users/salehalzaid/Documents/massdeigners/salamah_rounds/backend/venv/lib/python3.13/site-packages/starlette/middleware/errors.py", line 186, in __call__
    raise exc
  File "/Users/salehalzaid/Documents/massdeigners/salamah_rounds/backend/venv/lib/python3.13/site-packages/starlette/middleware/errors.py", line 164, in __call__
    await self.app(scope, receive, _send)
  File "/Users/salehalzaid/Documents/massdeigners/salamah_rounds/backend/venv/lib/python3.13/site-packages/starlette/middleware/cors.py", line 85, in __call__
    await self.app(scope, receive, send)
  File "/Users/salehalzaid/Documents/massdeigners/salamah_rounds/backend/venv/lib/python3.13/site-packages/starlette/middleware/exceptions.py", line 63, in __call__
    await wrap_app_handling_exceptions(self.app, conn)(scope, receive, send)
  File "/Users/salehalzaid/Documents/massdeigners/salamah_rounds/backend/venv/lib/python3.13/site-packages/starlette/_exception_handler.py", line 53, in wrapped_app
    raise exc
  File "/Users/salehalzaid/Documents/massdeigners/salamah_rounds/backend/venv/lib/python3.13/site-packages/starlette/_exception_handler.py", line 42, in wrapped_app
    await app(scope, receive, sender)
  File "/Users/salehalzaid/Documents/massdeigners/salamah_rounds/backend/venv/lib/python3.13/site-packages/starlette/routing.py", line 716, in __call__
    await self.middleware_stack(scope, receive, send)
  File "/Users/salehalzaid/Documents/massdeigners/salamah_rounds/backend/venv/lib/python3.13/site-packages/starlette/routing.py", line 736, in app
    await route.handle(scope, receive, send)
  File "/Users/salehalzaid/Documents/massdeigners/salamah_rounds/backend/venv/lib/python3.13/site-packages/starlette/routing.py", line 290, in handle
    await self.app(scope, receive, send)
  File "/Users/salehalzaid/Documents/massdeigners/salamah_rounds/backend/venv/lib/python3.13/site-packages/starlette/routing.py", line 78, in app
    await wrap_app_handling_exceptions(app, request)(scope, receive, send)
  File "/Users/salehalzaid/Documents/massdeigners/salamah_rounds/backend/venv/lib/python3.13/site-packages/starlette/_exception_handler.py", line 53, in wrapped_app
    raise exc
  File "/Users/salehalzaid/Documents/massdeigners/salamah_rounds/backend/venv/lib/python3.13/site-packages/starlette/_exception_handler.py", line 42, in wrapped_app
    await app(scope, receive, sender)
  File "/Users/salehalzaid/Documents/massdeigners/salamah_rounds/backend/venv/lib/python3.13/site-packages/starlette/routing.py", line 75, in app
    response = await f(request)
               ^^^^^^^^^^^^^^^^
  File "/Users/salehalzaid/Documents/massdeigners/salamah_rounds/backend/venv/lib/python3.13/site-packages/fastapi/routing.py", line 328, in app
    content = await serialize_response(
              ^^^^^^^^^^^^^^^^^^^^^^^^^
    ...<9 lines>...
    )
    ^
  File "/Users/salehalzaid/Documents/massdeigners/salamah_rounds/backend/venv/lib/python3.13/site-packages/fastapi/routing.py", line 177, in serialize_response
    raise ResponseValidationError(
        errors=_normalize_errors(errors), body=response_content
    )
fastapi.exceptions.ResponseValidationError: 1 validation errors:
  {'type': 'model_attributes_type', 'loc': ('response',), 'msg': 'Input should be a valid dictionary or object to extract fields from', 'input': <coroutine object get_round_by_id at 0x106d9f790>}

WARNING:  StatReload detected changes in 'main.py'. Reloading...
INFO:     Shutting down
INFO:     Waiting for application shutdown.
INFO:     Application shutdown complete.
INFO:     Finished server process [98416]
INFO:     Started server process [99892]
INFO:     Waiting for application startup.
INFO:     Application startup complete.
./start_server.sh: line 11: 98414 Killed: 9               python -m uvicorn main:app --host 0.0.0.0 --port 8000 --reload
Server stopped.
